<?xml version="1.0" encoding="UTF-8"?>
<!-- Generated by org.testng.reporters.JUnitReportReporter -->
<testsuite hostname="LAPTOP-B7BBN453" failures="0" tests="2" name="tests.TestExec" time="0.040" errors="0" timestamp="2023-03-16T00:56:30 IST" skipped="0">
  <testcase classname="tests.TestExec" name="validateWeeketKeeper" time="0.011"/>
  <system-out/>
  <testcase classname="tests.TestExec" name="validateForeignPlayers" time="0.029"/>
  <system-out/>
</testsuite> <!-- tests.TestExec -->
